2022-06-16 16:51:13,253 CRIT Supervisor is running as root.  Privileges were not dropped because no user is specified in the config file.  If you intend to run as root, you can set user=root in the config file to avoid this message.
2022-06-16 16:51:13,253 INFO Included extra file "/opt/docker/etc/supervisor.d/apache.conf" during parsing
2022-06-16 16:51:13,253 INFO Included extra file "/opt/docker/etc/supervisor.d/blackfire-agent.conf" during parsing
2022-06-16 16:51:13,253 INFO Included extra file "/opt/docker/etc/supervisor.d/cron.conf" during parsing
2022-06-16 16:51:13,254 INFO Included extra file "/opt/docker/etc/supervisor.d/dnsmasq.conf" during parsing
2022-06-16 16:51:13,254 INFO Included extra file "/opt/docker/etc/supervisor.d/php-fpm.conf" during parsing
2022-06-16 16:51:13,254 INFO Included extra file "/opt/docker/etc/supervisor.d/postfix.conf" during parsing
2022-06-16 16:51:13,254 INFO Included extra file "/opt/docker/etc/supervisor.d/ssh.conf" during parsing
2022-06-16 16:51:13,254 INFO Included extra file "/opt/docker/etc/supervisor.d/syslog.conf" during parsing
2022-06-16 16:51:13,273 INFO RPC interface 'supervisor' initialized
2022-06-16 16:51:13,274 INFO supervisord started with pid 80
2022-06-16 16:51:14,275 INFO spawned: 'syslogd' with pid 83
2022-06-16 16:51:14,276 INFO spawned: 'php-fpmd' with pid 84
2022-06-16 16:51:14,277 INFO spawned: 'apached' with pid 85
2022-06-16 16:51:14,279 INFO spawned: 'crond' with pid 86
2022-06-16 16:51:14,280 INFO spawned: 'postfixd' with pid 87
2022-06-16 16:51:14,281 INFO spawned: 'sshd' with pid 88
2022-06-16 16:51:14,282 INFO success: php-fpmd entered RUNNING state, process has stayed up for > than 0 seconds (startsecs)
2022-06-16 16:51:14,282 INFO success: apached entered RUNNING state, process has stayed up for > than 0 seconds (startsecs)
2022-06-16 16:51:14,282 INFO success: crond entered RUNNING state, process has stayed up for > than 0 seconds (startsecs)
2022-06-16 16:51:14,282 INFO success: postfixd entered RUNNING state, process has stayed up for > than 0 seconds (startsecs)
2022-06-16 16:51:14,283 INFO success: sshd entered RUNNING state, process has stayed up for > than 0 seconds (startsecs)
2022-06-16 16:51:15,511 INFO success: syslogd entered RUNNING state, process has stayed up for > than 1 seconds (startsecs)
